2025-05-10 02:41:51,118 - INFO - 开始更新 asn_protocol_stats 表，当前时间: 2025-05-10 02:41:51.118915
2025-05-10 02:41:51,145 - ERROR - 发生错误: (1698, "Access denied for user 'root'@'localhost'")
2025-05-10 02:41:51,145 - INFO - 更新完成，耗时: 0:00:00.026845
2025-05-10 02:52:08,800 - INFO - 开始更新 asn_protocol_stats 表，当前时间: 2025-05-10 02:52:08.800350
2025-05-10 02:52:08,960 - INFO - 数据库连接成功
2025-05-10 02:52:09,093 - ERROR - 处理行 534 时出错: invalid literal for int() with base 10: '未知'
2025-05-10 02:52:09,093 - ERROR - 处理行 535 时出错: invalid literal for int() with base 10: '未知'
2025-05-10 02:52:09,093 - ERROR - 处理行 536 时出错: invalid literal for int() with base 10: '未知'
2025-05-10 02:52:09,093 - ERROR - 处理行 537 时出错: invalid literal for int() with base 10: '未知'
2025-05-10 02:52:09,093 - ERROR - 处理行 538 时出错: invalid literal for int() with base 10: '未知'
2025-05-10 02:52:09,093 - ERROR - 处理行 539 时出错: invalid literal for int() with base 10: '未知'
2025-05-10 02:52:09,093 - ERROR - 处理行 540 时出错: invalid literal for int() with base 10: '未知'
2025-05-10 02:52:09,093 - ERROR - 处理行 541 时出错: invalid literal for int() with base 10: '未知'
2025-05-10 02:52:09,228 - INFO - 已处理 1000 行数据，更新了 960 行
2025-05-10 02:52:09,269 - INFO - CSV处理完成，共处理 1141 行数据，更新了 1055 行
2025-05-10 02:52:09,269 - INFO - 开始调用存储过程 update_relation_tables
2025-05-10 02:52:09,398 - INFO - 存储过程 update_relation_tables 执行完成
2025-05-10 02:52:09,399 - INFO - 数据库连接已关闭
2025-05-10 02:52:09,399 - INFO - 更新完成，耗时: 0:00:00.598881
2025-05-10 07:30:54,901 - INFO - 开始更新 asn_protocol_stats 表，当前时间: 2025-05-10 07:30:54.901435
2025-05-10 07:30:54,965 - INFO - 数据库连接成功
2025-05-10 07:30:55,191 - INFO - 已处理 1000 行数据，更新了 960 行
2025-05-10 07:30:55,218 - INFO - CSV处理完成，共处理 1141 行数据，更新了 1055 行
2025-05-10 07:30:55,218 - INFO - 开始调用存储过程 update_relation_tables
2025-05-10 07:30:55,303 - INFO - 存储过程 update_relation_tables 执行完成
2025-05-10 07:30:55,303 - INFO - 数据库连接已关闭
2025-05-10 07:30:55,304 - INFO - 更新完成，耗时: 0:00:00.402288
2025-05-10 07:47:22,027 - INFO - 开始更新 asn_protocol_stats 表，当前时间: 2025-05-10 07:47:22.027887
2025-05-10 07:47:22,085 - INFO - 数据库连接成功
2025-05-10 07:47:22,304 - INFO - 已处理 1000 行数据，更新了 968 行
2025-05-10 07:47:22,337 - INFO - CSV处理完成，共处理 1141 行数据，更新了 1063 行
2025-05-10 07:47:22,337 - INFO - 开始调用存储过程 update_relation_tables
2025-05-10 07:47:22,455 - INFO - 存储过程 update_relation_tables 执行完成
2025-05-10 07:47:22,455 - INFO - 数据库连接已关闭
2025-05-10 07:47:22,456 - INFO - 更新完成，耗时: 0:00:00.428127
2025-05-10 08:02:09,274 - INFO - 开始更新 asn_protocol_stats 表，当前时间: 2025-05-10 08:02:09.274166
2025-05-10 08:02:09,415 - INFO - 数据库连接成功
2025-05-10 08:02:09,596 - INFO - CSV处理完成，共处理 896 行数据，更新了 860 行
2025-05-10 08:02:09,596 - INFO - 开始调用存储过程 update_relation_tables
2025-05-10 08:02:09,731 - INFO - 存储过程 update_relation_tables 执行完成
2025-05-10 08:02:09,731 - INFO - 数据库连接已关闭
2025-05-10 08:02:09,731 - INFO - 更新完成，耗时: 0:00:00.457209
